2024-02-26 19:56:37,392 - debug
2024-02-26 19:56:37,392 - info
2024-02-26 19:56:37,392 - warning
2024-02-26 19:56:37,392 - error
2024-02-26 19:56:37,392 - critical
2024-02-26 19:56:44,147 -  unshifted fourier load img[[ 8518502.        +1.41881173e-10j  -161329.07099353-3.05457890e+05j
   -577674.14122305-1.98985092e+05j ...   218426.69218759+3.20014634e+05j
   -577674.14122305+1.98985092e+05j  -161329.07099353+3.05457890e+05j]
 [  117291.15361711+6.32560058e+04j  -208275.65405014+1.94748398e+05j
    315484.70501926-6.69533257e+04j ...  -504107.40518897-4.22392198e+04j
    225600.90246998-5.40419261e+05j    43340.32503396-2.09666580e+05j]
 [ -661652.10659585-2.36842691e+05j   268424.90585003+2.68801545e+05j
   -165927.38063104-1.20621338e+05j ...   172638.84223588-5.77192040e+04j
     65380.83636321+4.06506664e+05j  -157754.3497934 -3.21221871e+05j]
 ...
 [-1053233.14687015+1.16939352e+04j   269807.18551361-5.55746931e+05j
     45218.60420152+1.40927144e+04j ...   131732.91992012+5.79269116e+04j
   -103236.17338273-2.95279303e+05j    78411.18126391+4.10709920e+05j]
 [ -661652.10659585+2.36842691e+05j  -157754.3497934 +3.21221871e+05j
     65380.83636321-4.06506664e+05j ...    66786.48010323-1.24989995e+05j
   -165927.38063104+1.20621338e+05j   268424.90585003-2.68801545e+05j]
 [  117291.15361711-6.32560058e+04j    43340.32503396+2.09666580e+05j
    225600.90246998+5.40419261e+05j ...  -164845.44364467-1.94951711e+05j
    315484.70501926+6.69533257e+04j  -208275.65405014-1.94748398e+05j]] 


2024-02-26 19:56:44,149 -  shifted fourier load img[[  667.74944582+3725.77672114j -1195.10375138 +256.48270462j
  -1028.63775066-2295.99741781j ...  1267.94879224 -334.84849362j
   1062.20481656-1884.71537199j -2262.03132156-1328.55419523j]
 [ -529.35757202+1575.85754805j  3035.72874583-1251.09838031j
   -326.24951173  +64.52658378j ...  1888.72113461 +564.9963726j
   1814.83349367 -566.05170773j   433.13432586 -508.58503984j]
 [ -259.54060025 -780.20072607j   813.0094662  -756.04298867j
  -2174.2189535  -143.74519649j ... -1142.38556507-1714.1051505j
  -1952.89576213  +36.41426556j  -603.5229427 +1358.52360219j]
 ...
 [ -603.5229427 -1358.52360219j -1952.89576213  -36.41426556j
  -1142.38556507+1714.1051505j  ... -2174.2189535  +143.74519649j
    813.0094662  +756.04298867j  -259.54060025 +780.20072607j]
 [  433.13432586 +508.58503984j  1814.83349367 +566.05170773j
   1888.72113461 -564.9963726j  ...  -326.24951173  -64.52658378j
   3035.72874583+1251.09838031j  -529.35757202-1575.85754805j]
 [-2262.03132156+1328.55419523j  1062.20481656+1884.71537199j
   1267.94879224 +334.84849362j ... -1028.63775066+2295.99741781j
  -1195.10375138 -256.48270462j   667.74944582-3725.77672114j]] 


2024-02-26 19:56:44,149 - shape of showimg data (313, 165)
2024-02-26 19:56:44,155 - showimg called from showComponent
2024-02-26 19:56:44,155 - shape of showimg data (313, 165)
2024-02-26 19:56:45,743 -  unshifted fourier load img[[ 4.87848500e+06+9.39053280e-11j  7.21351373e+05+4.48476512e+05j
   7.31701059e+04+6.70808714e+05j ... -3.39283207e+05-2.82052321e+05j
   7.31701059e+04-6.70808714e+05j  7.21351373e+05-4.48476512e+05j]
 [ 2.38370435e+05-1.23431834e+04j -1.49423114e+05+9.77587359e+04j
   8.05456224e+04+7.05840424e+04j ... -4.64179287e+04-2.82395630e+04j
  -1.65712351e+04-2.22330320e+04j -1.98267581e+05-1.79082383e+05j]
 [-6.01247544e+04+1.07928757e+05j  2.03827427e+04-6.21818857e+04j
   1.75251473e+05-6.26725386e+04j ... -3.38106140e+04-3.06967940e+04j
  -4.37062168e+03+7.62356038e+04j -1.05570579e+05-1.03392541e+05j]
 ...
 [-2.37225613e+03-1.46238095e+05j  1.14836101e+05+1.37043497e+05j
  -7.41392774e+04+6.89024939e+02j ... -5.95196772e+03+4.15402349e+03j
  -3.83320087e+04+4.22974732e+04j  3.80156383e+04+2.89749428e+04j]
 [-6.01247544e+04-1.07928757e+05j -1.05570579e+05+1.03392541e+05j
  -4.37062168e+03-7.62356038e+04j ...  7.26247687e+04+6.05768872e+04j
   1.75251473e+05+6.26725386e+04j  2.03827427e+04+6.21818857e+04j]
 [ 2.38370435e+05+1.23431834e+04j -1.98267581e+05+1.79082383e+05j
  -1.65712351e+04+2.22330320e+04j ...  9.30064259e+04-1.05751158e+05j
   8.05456224e+04-7.05840424e+04j -1.49423114e+05-9.77587359e+04j]] 


2024-02-26 19:56:45,744 -  shifted fourier load img[[ -466.00448606+3313.18436858j   851.92947658 -131.12714904j
   -166.99230475-4104.40474049j ...  2259.76273286 -219.63540006j
   1196.66586734  +42.44920218j  1197.93119667 -368.01862686j]
 [ 3091.69744557 -312.88780559j  2541.68498144+3396.518686j
  -4376.30820439  -65.68369151j ...  1614.77495341-4541.90428521j
  -1096.7649507  +141.38763468j -2426.06038892 +985.8731971j ]
 [-2798.7653419 -4717.07850866j -1134.07498452  -78.59804864j
   -196.64306849-2728.72272096j ...  -545.76965847 +593.32297568j
   5980.78939964+4031.15061661j -1765.08500038  +63.9647968j ]
 ...
 [-1765.08500038  -63.9647968j   5980.78939964-4031.15061661j
   -545.76965847 -593.32297568j ...  -196.64306849+2728.72272096j
  -1134.07498452  +78.59804864j -2798.7653419 +4717.07850866j]
 [-2426.06038892 -985.8731971j  -1096.7649507  -141.38763468j
   1614.77495341+4541.90428521j ... -4376.30820439  +65.68369151j
   2541.68498144-3396.518686j    3091.69744557 +312.88780559j]
 [ 1197.93119667 +368.01862686j  1196.66586734  -42.44920218j
   2259.76273286 +219.63540006j ...  -166.99230475+4104.40474049j
    851.92947658 +131.12714904j  -466.00448606-3313.18436858j]] 


2024-02-26 19:56:45,744 - shape of showimg data (313, 165)
2024-02-26 19:56:45,746 - showimg called from showComponent
2024-02-26 19:56:45,746 - shape of showimg data (313, 165)
2024-02-26 19:56:47,605 -  unshifted fourier load img[[1335946.        +3.36513040e-11j -589260.38342562-7.08363160e+04j
   -49556.81235246+6.77892352e+04j ...   18410.02605399+1.31332912e+04j
   -49556.81235246-6.77892352e+04j -589260.38342562+7.08363160e+04j]
 [-898237.81028058-1.28710502e+05j  378724.16960862+1.72475314e+05j
    93664.00391222-1.05740871e+05j ...  -24482.94615365+1.91183370e+03j
    35856.52849665+4.09082807e+04j  465167.0228107 +7.98123158e+03j]
 [ 401198.1388392 +1.67664224e+05j  -91046.16285342-1.79164809e+05j
  -125837.80820954+8.98270069e+04j ...   13903.99867179-7.45910640e+03j
   -47220.04518928-1.76313307e+04j -244020.95259417-4.68391890e+04j]
 ...
 [-106219.18014003+1.11188722e+05j   63541.12299987-3.37037844e+04j
    45967.07845815+2.31403446e+03j ...   74047.79104417-2.12112118e+04j
   111770.17880196+2.98755360e+04j  -84285.74506205-9.78089016e+04j]
 [ 401198.1388392 -1.67664224e+05j -244020.95259417+4.68391890e+04j
   -47220.04518928+1.76313307e+04j ...  -34987.79187705+3.58774083e+04j
  -125837.80820954-8.98270069e+04j  -91046.16285342+1.79164809e+05j]
 [-898237.81028058+1.28710502e+05j  465167.0228107 -7.98123158e+03j
    35856.52849665-4.09082807e+04j ...    6331.72571358-3.66313302e+04j
    93664.00391222+1.05740871e+05j  378724.16960862-1.72475314e+05j]] 


2024-02-26 19:56:47,605 -  shifted fourier load img[[-230.71616299 +27.96371208j  397.4763406  +23.57240663j
  -253.44157145 -23.53717221j ... -154.59452987+421.30221047j
   230.88950757-292.07944993j  -46.13415285+283.59918311j]
 [  59.58857046  +8.66353895j -369.52166873-241.99529279j
   421.12337881+233.77552616j ...  363.76766871+521.44434643j
  -627.84364819-198.57452528j  346.52303759 -49.17726943j]
 [ 504.85518445+216.58914189j -274.73638915 +48.63500975j
  -292.94243359 -87.44236003j ... -419.64458471-588.33587435j
  1043.75074259+294.71875728j -861.65305766-165.1278845j ]
 ...
 [-861.65305766+165.1278845j  1043.75074259-294.71875728j
  -419.64458471+588.33587435j ... -292.94243359 +87.44236003j
  -274.73638915 -48.63500975j  504.85518445-216.58914189j]
 [ 346.52303759 +49.17726943j -627.84364819+198.57452528j
   363.76766871-521.44434643j ...  421.12337881-233.77552616j
  -369.52166873+241.99529279j   59.58857046  -8.66353895j]
 [ -46.13415285-283.59918311j  230.88950757+292.07944993j
  -154.59452987-421.30221047j ... -253.44157145 +23.53717221j
   397.4763406  -23.57240663j -230.71616299 -27.96371208j]] 


2024-02-26 19:56:47,605 - shape of showimg data (313, 165)
2024-02-26 19:56:47,607 - showimg called from showComponent
2024-02-26 19:56:47,607 - shape of showimg data (313, 165)
2024-02-26 19:56:49,124 -  unshifted fourier load img[[ 4.87848500e+06+9.39053280e-11j  7.21351373e+05+4.48476512e+05j
   7.31701059e+04+6.70808714e+05j ... -3.39283207e+05-2.82052321e+05j
   7.31701059e+04-6.70808714e+05j  7.21351373e+05-4.48476512e+05j]
 [ 2.38370435e+05-1.23431834e+04j -1.49423114e+05+9.77587359e+04j
   8.05456224e+04+7.05840424e+04j ... -4.64179287e+04-2.82395630e+04j
  -1.65712351e+04-2.22330320e+04j -1.98267581e+05-1.79082383e+05j]
 [-6.01247544e+04+1.07928757e+05j  2.03827427e+04-6.21818857e+04j
   1.75251473e+05-6.26725386e+04j ... -3.38106140e+04-3.06967940e+04j
  -4.37062168e+03+7.62356038e+04j -1.05570579e+05-1.03392541e+05j]
 ...
 [-2.37225613e+03-1.46238095e+05j  1.14836101e+05+1.37043497e+05j
  -7.41392774e+04+6.89024939e+02j ... -5.95196772e+03+4.15402349e+03j
  -3.83320087e+04+4.22974732e+04j  3.80156383e+04+2.89749428e+04j]
 [-6.01247544e+04-1.07928757e+05j -1.05570579e+05+1.03392541e+05j
  -4.37062168e+03-7.62356038e+04j ...  7.26247687e+04+6.05768872e+04j
   1.75251473e+05+6.26725386e+04j  2.03827427e+04+6.21818857e+04j]
 [ 2.38370435e+05+1.23431834e+04j -1.98267581e+05+1.79082383e+05j
  -1.65712351e+04+2.22330320e+04j ...  9.30064259e+04-1.05751158e+05j
   8.05456224e+04-7.05840424e+04j -1.49423114e+05-9.77587359e+04j]] 


2024-02-26 19:56:49,124 -  shifted fourier load img[[ -466.00448606+3313.18436858j   851.92947658 -131.12714904j
   -166.99230475-4104.40474049j ...  2259.76273286 -219.63540006j
   1196.66586734  +42.44920218j  1197.93119667 -368.01862686j]
 [ 3091.69744557 -312.88780559j  2541.68498144+3396.518686j
  -4376.30820439  -65.68369151j ...  1614.77495341-4541.90428521j
  -1096.7649507  +141.38763468j -2426.06038892 +985.8731971j ]
 [-2798.7653419 -4717.07850866j -1134.07498452  -78.59804864j
   -196.64306849-2728.72272096j ...  -545.76965847 +593.32297568j
   5980.78939964+4031.15061661j -1765.08500038  +63.9647968j ]
 ...
 [-1765.08500038  -63.9647968j   5980.78939964-4031.15061661j
   -545.76965847 -593.32297568j ...  -196.64306849+2728.72272096j
  -1134.07498452  +78.59804864j -2798.7653419 +4717.07850866j]
 [-2426.06038892 -985.8731971j  -1096.7649507  -141.38763468j
   1614.77495341+4541.90428521j ... -4376.30820439  +65.68369151j
   2541.68498144-3396.518686j    3091.69744557 +312.88780559j]
 [ 1197.93119667 +368.01862686j  1196.66586734  -42.44920218j
   2259.76273286 +219.63540006j ...  -166.99230475+4104.40474049j
    851.92947658 +131.12714904j  -466.00448606-3313.18436858j]] 


2024-02-26 19:56:49,124 - shape of showimg data (313, 165)
2024-02-26 19:56:49,126 - showimg called from showComponent
2024-02-26 19:56:49,126 - shape of showimg data (313, 165)
2024-02-26 19:56:54,915 - showimg called from showComponent
2024-02-26 19:56:54,916 - shape of showimg data (313, 165)
2024-02-26 19:56:56,505 - showimg called from showComponent
2024-02-26 19:56:56,506 - shape of showimg data (313, 165)
